2023-06-21 00:33:37,596 ERROR Hippodrome: Horses list is empty
2023-06-21 00:33:37,604 ERROR Hippodrome: Horses list is null
2023-06-21 00:33:37,605 ERROR Hippodrome: Horses list is null
2023-06-21 00:33:37,683 DEBUG Hippodrome: Создание Hippodrome, лошадей [50]
2023-06-21 00:33:37,741 ERROR Hippodrome: Horses list is empty
2023-06-21 00:33:37,744 DEBUG Horse: Создание Horse, имя [Буцефал], скорость [2.4]
2023-06-21 00:33:37,744 DEBUG Horse: Создание Horse, имя [Туз Пик], скорость [2.5]
2023-06-21 00:33:37,744 DEBUG Horse: Создание Horse, имя [Зефир], скорость [2.6]
2023-06-21 00:33:37,745 DEBUG Horse: Создание Horse, имя [Пожар], скорость [2.7]
2023-06-21 00:33:37,745 DEBUG Horse: Создание Horse, имя [Лобстер], скорость [2.8]
2023-06-21 00:33:37,745 DEBUG Hippodrome: Создание Hippodrome, лошадей [5]
2023-06-21 00:33:37,749 DEBUG Horse: Создание Horse, имя [0], скорость [0.0]
2023-06-21 00:33:37,749 DEBUG Horse: Создание Horse, имя [1], скорость [1.0]
2023-06-21 00:33:37,749 DEBUG Horse: Создание Horse, имя [2], скорость [2.0]
2023-06-21 00:33:37,749 DEBUG Horse: Создание Horse, имя [3], скорость [3.0]
2023-06-21 00:33:37,750 DEBUG Horse: Создание Horse, имя [4], скорость [4.0]
2023-06-21 00:33:37,750 DEBUG Horse: Создание Horse, имя [5], скорость [5.0]
2023-06-21 00:33:37,750 DEBUG Horse: Создание Horse, имя [6], скорость [6.0]
2023-06-21 00:33:37,750 DEBUG Horse: Создание Horse, имя [7], скорость [7.0]
2023-06-21 00:33:37,750 DEBUG Horse: Создание Horse, имя [8], скорость [8.0]
2023-06-21 00:33:37,750 DEBUG Horse: Создание Horse, имя [9], скорость [9.0]
2023-06-21 00:33:37,750 DEBUG Horse: Создание Horse, имя [10], скорость [10.0]
2023-06-21 00:33:37,750 DEBUG Horse: Создание Horse, имя [11], скорость [11.0]
2023-06-21 00:33:37,750 DEBUG Horse: Создание Horse, имя [12], скорость [12.0]
2023-06-21 00:33:37,750 DEBUG Horse: Создание Horse, имя [13], скорость [13.0]
2023-06-21 00:33:37,750 DEBUG Horse: Создание Horse, имя [14], скорость [14.0]
2023-06-21 00:33:37,750 DEBUG Horse: Создание Horse, имя [15], скорость [15.0]
2023-06-21 00:33:37,750 DEBUG Horse: Создание Horse, имя [16], скорость [16.0]
2023-06-21 00:33:37,750 DEBUG Horse: Создание Horse, имя [17], скорость [17.0]
2023-06-21 00:33:37,750 DEBUG Horse: Создание Horse, имя [18], скорость [18.0]
2023-06-21 00:33:37,750 DEBUG Horse: Создание Horse, имя [19], скорость [19.0]
2023-06-21 00:33:37,750 DEBUG Horse: Создание Horse, имя [20], скорость [20.0]
2023-06-21 00:33:37,750 DEBUG Horse: Создание Horse, имя [21], скорость [21.0]
2023-06-21 00:33:37,750 DEBUG Horse: Создание Horse, имя [22], скорость [22.0]
2023-06-21 00:33:37,750 DEBUG Horse: Создание Horse, имя [23], скорость [23.0]
2023-06-21 00:33:37,751 DEBUG Horse: Создание Horse, имя [24], скорость [24.0]
2023-06-21 00:33:37,751 DEBUG Horse: Создание Horse, имя [25], скорость [25.0]
2023-06-21 00:33:37,751 DEBUG Horse: Создание Horse, имя [26], скорость [26.0]
2023-06-21 00:33:37,751 DEBUG Horse: Создание Horse, имя [27], скорость [27.0]
2023-06-21 00:33:37,751 DEBUG Horse: Создание Horse, имя [28], скорость [28.0]
2023-06-21 00:33:37,751 DEBUG Horse: Создание Horse, имя [29], скорость [29.0]
2023-06-21 00:33:37,751 DEBUG Hippodrome: Создание Hippodrome, лошадей [30]
